<?xml version="1.0" encoding="UTF-8"?>
<!-- Generated by org.testng.reporters.JUnitReportReporter -->
<testsuite hostname="oneonethreeMBP" failures="0" tests="2" name="swag.lab.test.log_in.LogIn" time="0.662" errors="0" timestamp="2022-06-08T21:34:05 CEST" skipped="0">
  <testcase classname="swag.lab.test.log_in.LogIn" name="validLogIn" time="0.462"/>
  <system-out/>
  <testcase classname="swag.lab.test.log_in.LogIn" name="logInLockedUser" time="0.200"/>
  <system-out/>
</testsuite> <!-- swag.lab.test.log_in.LogIn -->
